Arguments: 
  /usr/bin/node /usr/share/yarn/bin/yarn.js check --integrity

PATH: 
  /home/felix/.rbenv/versions/2.6.6/lib/ruby/gems/2.6.0/bin:/home/felix/.rbenv/versions/2.6.6/bin:/home/felix/.rbenv/libexec:/home/felix/.rbenv/plugins/ruby-build/bin:./bin:./node_modules/.bin:/home/felix/.pyenv/bin:/home/felix/.rbenv/shims:/home/felix/.rbenv/bin:/usr/local/sbin:/usr/local/bin:/usr/sbin:/usr/bin:/sbin:/bin:/usr/games:/usr/local/games:/snap/bin

Yarn version: 
  1.22.4

Node version: 
  10.19.0

Platform: 
  linux x64

Trace: 
  TypeError: Cannot read property '@rails/actioncable@^6.0.0' of undefined
      at /usr/share/yarn/lib/cli.js:47688:25
      at Array.filter (<anonymous>)
      at InstallationIntegrityChecker.<anonymous> (/usr/share/yarn/lib/cli.js:47687:38)
      at Generator.next (<anonymous>)
      at step (/usr/share/yarn/lib/cli.js:310:30)
      at /usr/share/yarn/lib/cli.js:328:14
      at new Promise (<anonymous>)
      at new F (/usr/share/yarn/lib/cli.js:5301:28)
      at InstallationIntegrityChecker.<anonymous> (/usr/share/yarn/lib/cli.js:307:12)
      at InstallationIntegrityChecker.check (/usr/share/yarn/lib/cli.js:47736:21)

npm manifest: 
  {
    "name": "Fluffy_Bikes",
    "private": true,
    "dependencies": {
      "@rails/actioncable": "^6.0.0",
      "@rails/activestorage": "^6.0.0",
      "@rails/ujs": "^6.0.0",
      "@rails/webpacker": "4.3.0",
      "bootstrap": "^4.5.2",
      "jquery": "^3.5.1",
      "popper.js": "^1.16.1",
      "turbolinks": "^5.2.0"
    },
    "version": "0.1.0",
    "devDependencies": {
      "webpack-dev-server": "^3.11.0"
    }
  }

yarn manifest: 
  No manifest

Lockfile: 
  No lockfile
